[20-Sep-2018 23:11:13 UTC] PHP Warning:  mysqli_fetch_array() expects parameter 1 to be mysqli_result, boolean given in /home/ubuntu/workspace/CPCS_4125_Assignments/Assignment1/view_users.php on line 79
[20-Sep-2018 23:11:13 UTC] PHP Stack trace:
[20-Sep-2018 23:11:13 UTC] PHP   1. {main}() /home/ubuntu/workspace/CPCS_4125_Assignments/Assignment1/view_users.php:0
[20-Sep-2018 23:11:13 UTC] PHP   2. mysqli_fetch_array() /home/ubuntu/workspace/CPCS_4125_Assignments/Assignment1/view_users.php:79
[20-Sep-2018 23:11:13 UTC] PHP Warning:  mysqli_free_result() expects parameter 1 to be mysqli_result, boolean given in /home/ubuntu/workspace/CPCS_4125_Assignments/Assignment1/view_users.php on line 92
[20-Sep-2018 23:11:13 UTC] PHP Stack trace:
[20-Sep-2018 23:11:13 UTC] PHP   1. {main}() /home/ubuntu/workspace/CPCS_4125_Assignments/Assignment1/view_users.php:0
[20-Sep-2018 23:11:13 UTC] PHP   2. mysqli_free_result() /home/ubuntu/workspace/CPCS_4125_Assignments/Assignment1/view_users.php:92
[20-Sep-2018 23:11:15 UTC] PHP Warning:  mysqli_fetch_array() expects parameter 1 to be mysqli_result, boolean given in /home/ubuntu/workspace/CPCS_4125_Assignments/Assignment1/view_users.php on line 79
[20-Sep-2018 23:11:15 UTC] PHP Stack trace:
[20-Sep-2018 23:11:15 UTC] PHP   1. {main}() /home/ubuntu/workspace/CPCS_4125_Assignments/Assignment1/view_users.php:0
[20-Sep-2018 23:11:15 UTC] PHP   2. mysqli_fetch_array() /home/ubuntu/workspace/CPCS_4125_Assignments/Assignment1/view_users.php:79
[20-Sep-2018 23:11:15 UTC] PHP Warning:  mysqli_free_result() expects parameter 1 to be mysqli_result, boolean given in /home/ubuntu/workspace/CPCS_4125_Assignments/Assignment1/view_users.php on line 92
[20-Sep-2018 23:11:15 UTC] PHP Stack trace:
[20-Sep-2018 23:11:15 UTC] PHP   1. {main}() /home/ubuntu/workspace/CPCS_4125_Assignments/Assignment1/view_users.php:0
[20-Sep-2018 23:11:15 UTC] PHP   2. mysqli_free_result() /home/ubuntu/workspace/CPCS_4125_Assignments/Assignment1/view_users.php:92
[20-Sep-2018 23:11:17 UTC] PHP Warning:  mysqli_fetch_array() expects parameter 1 to be mysqli_result, boolean given in /home/ubuntu/workspace/CPCS_4125_Assignments/Assignment1/view_users.php on line 79
[20-Sep-2018 23:11:17 UTC] PHP Stack trace:
[20-Sep-2018 23:11:17 UTC] PHP   1. {main}() /home/ubuntu/workspace/CPCS_4125_Assignments/Assignment1/view_users.php:0
[20-Sep-2018 23:11:17 UTC] PHP   2. mysqli_fetch_array() /home/ubuntu/workspace/CPCS_4125_Assignments/Assignment1/view_users.php:79
[20-Sep-2018 23:11:17 UTC] PHP Warning:  mysqli_free_result() expects parameter 1 to be mysqli_result, boolean given in /home/ubuntu/workspace/CPCS_4125_Assignments/Assignment1/view_users.php on line 92
[20-Sep-2018 23:11:17 UTC] PHP Stack trace:
[20-Sep-2018 23:11:17 UTC] PHP   1. {main}() /home/ubuntu/workspace/CPCS_4125_Assignments/Assignment1/view_users.php:0
[20-Sep-2018 23:11:17 UTC] PHP   2. mysqli_free_result() /home/ubuntu/workspace/CPCS_4125_Assignments/Assignment1/view_users.php:92
[20-Sep-2018 23:11:19 UTC] PHP Warning:  mysqli_fetch_array() expects parameter 1 to be mysqli_result, boolean given in /home/ubuntu/workspace/CPCS_4125_Assignments/Assignment1/view_users.php on line 79
[20-Sep-2018 23:11:19 UTC] PHP Stack trace:
[20-Sep-2018 23:11:19 UTC] PHP   1. {main}() /home/ubuntu/workspace/CPCS_4125_Assignments/Assignment1/view_users.php:0
[20-Sep-2018 23:11:19 UTC] PHP   2. mysqli_fetch_array() /home/ubuntu/workspace/CPCS_4125_Assignments/Assignment1/view_users.php:79
[20-Sep-2018 23:11:19 UTC] PHP Warning:  mysqli_free_result() expects parameter 1 to be mysqli_result, boolean given in /home/ubuntu/workspace/CPCS_4125_Assignments/Assignment1/view_users.php on line 92
[20-Sep-2018 23:11:19 UTC] PHP Stack trace:
[20-Sep-2018 23:11:19 UTC] PHP   1. {main}() /home/ubuntu/workspace/CPCS_4125_Assignments/Assignment1/view_users.php:0
[20-Sep-2018 23:11:19 UTC] PHP   2. mysqli_free_result() /home/ubuntu/workspace/CPCS_4125_Assignments/Assignment1/view_users.php:92
[20-Sep-2018 23:15:49 UTC] PHP Warning:  mysqli_fetch_array() expects parameter 1 to be mysqli_result, boolean given in /home/ubuntu/workspace/CPCS_4125_Assignments/Assignment1/view_users.php on line 79
[20-Sep-2018 23:15:49 UTC] PHP Stack trace:
[20-Sep-2018 23:15:49 UTC] PHP   1. {main}() /home/ubuntu/workspace/CPCS_4125_Assignments/Assignment1/view_users.php:0
[20-Sep-2018 23:15:49 UTC] PHP   2. mysqli_fetch_array() /home/ubuntu/workspace/CPCS_4125_Assignments/Assignment1/view_users.php:79
[20-Sep-2018 23:15:49 UTC] PHP Warning:  mysqli_free_result() expects parameter 1 to be mysqli_result, boolean given in /home/ubuntu/workspace/CPCS_4125_Assignments/Assignment1/view_users.php on line 92
[20-Sep-2018 23:15:49 UTC] PHP Stack trace:
[20-Sep-2018 23:15:49 UTC] PHP   1. {main}() /home/ubuntu/workspace/CPCS_4125_Assignments/Assignment1/view_users.php:0
[20-Sep-2018 23:15:49 UTC] PHP   2. mysqli_free_result() /home/ubuntu/workspace/CPCS_4125_Assignments/Assignment1/view_users.php:92
[20-Sep-2018 23:20:04 UTC] PHP Warning:  mysqli_fetch_array() expects parameter 1 to be mysqli_result, boolean given in /home/ubuntu/workspace/CPCS_4125_Assignments/Assignment1/view_users.php on line 79
[20-Sep-2018 23:20:04 UTC] PHP Stack trace:
[20-Sep-2018 23:20:04 UTC] PHP   1. {main}() /home/ubuntu/workspace/CPCS_4125_Assignments/Assignment1/view_users.php:0
[20-Sep-2018 23:20:04 UTC] PHP   2. mysqli_fetch_array() /home/ubuntu/workspace/CPCS_4125_Assignments/Assignment1/view_users.php:79
[20-Sep-2018 23:20:04 UTC] PHP Warning:  mysqli_free_result() expects parameter 1 to be mysqli_result, boolean given in /home/ubuntu/workspace/CPCS_4125_Assignments/Assignment1/view_users.php on line 92
[20-Sep-2018 23:20:04 UTC] PHP Stack trace:
[20-Sep-2018 23:20:04 UTC] PHP   1. {main}() /home/ubuntu/workspace/CPCS_4125_Assignments/Assignment1/view_users.php:0
[20-Sep-2018 23:20:04 UTC] PHP   2. mysqli_free_result() /home/ubuntu/workspace/CPCS_4125_Assignments/Assignment1/view_users.php:92
[20-Sep-2018 23:20:10 UTC] PHP Warning:  mysqli_fetch_array() expects parameter 1 to be mysqli_result, boolean given in /home/ubuntu/workspace/CPCS_4125_Assignments/Assignment1/view_users.php on line 77
[20-Sep-2018 23:20:10 UTC] PHP Stack trace:
[20-Sep-2018 23:20:10 UTC] PHP   1. {main}() /home/ubuntu/workspace/CPCS_4125_Assignments/Assignment1/view_users.php:0
[20-Sep-2018 23:20:10 UTC] PHP   2. mysqli_fetch_array() /home/ubuntu/workspace/CPCS_4125_Assignments/Assignment1/view_users.php:77
[20-Sep-2018 23:20:10 UTC] PHP Warning:  mysqli_free_result() expects parameter 1 to be mysqli_result, boolean given in /home/ubuntu/workspace/CPCS_4125_Assignments/Assignment1/view_users.php on line 90
[20-Sep-2018 23:20:10 UTC] PHP Stack trace:
[20-Sep-2018 23:20:10 UTC] PHP   1. {main}() /home/ubuntu/workspace/CPCS_4125_Assignments/Assignment1/view_users.php:0
[20-Sep-2018 23:20:10 UTC] PHP   2. mysqli_free_result() /home/ubuntu/workspace/CPCS_4125_Assignments/Assignment1/view_users.php:90
[21-Sep-2018 01:02:45 UTC] PHP Parse error:  syntax error, unexpected '}', expecting ',' or ';' in /home/ubuntu/workspace/CPCS_4125_Assignments/Assignment1/view_users.php on line 52
